#
# A fatal error has been detected by the Java Runtime Environment:
#
#  SIGSEGV (0xb) at pc=0x00007f3889a4c231, pid=18104, tid=18122
#
# JRE version: Java(TM) SE Runtime Environment (13.0.1+9) (build 13.0.1+9)
# Java VM: Java HotSpot(TM) 64-Bit Server VM (13.0.1+9, mixed mode, sharing, tiered, compressed oops, g1 gc, linux-amd64)
# Problematic frame:
# C  [libjimage.so+0x4231]  ImageStrings::find(Endian*, char const*, int*, unsigned int)+0x71
#
# Core dump will be written. Default location: Core dumps may be processed with "/usr/share/apport/apport %p %s %c %d %P %E" (or dumping to /home/jian/Documents/Chess/AntiChessEngine1/core.18104)
#
# If you would like to submit a bug report, please visit:
#   http://bugreport.java.com/bugreport/crash.jsp
#

---------------  S U M M A R Y ------------

Command Line: -agentlib:jdwp=transport=dt_socket,suspend=y,address=localhost:44971 -javaagent:/home/jian/eclipse/java-2019-09/eclipse/configuration/org.eclipse.osgi/223/0/.cp/lib/javaagent-shaded.jar -Dfile.encoding=UTF-8 --module-path=/home/jian/Documents/Chess/AntiChessEngine1/bin -Djdk.module.main=AntiChessEngine1 AntiChessEngine1/Game.game

Host: Intel(R) Core(TM) i3-3217U CPU @ 1.80GHz, 4 cores, 7G, Ubuntu 18.04.3 LTS
Time: Fri Apr 10 02:55:08 2020 IST elapsed time: 8157 seconds (0d 2h 15m 57s)

---------------  T H R E A D  ---------------

Current thread (0x00007f388017e800):  JavaThread "Signal Dispatcher" daemon [_thread_in_vm, id=18122, stack(0x00007f38847a4000,0x00007f38848a5000)]

Stack: [0x00007f38847a4000,0x00007f38848a5000],  sp=0x00007f38848a2150,  free space=1016k
Native frames: (J=compiled Java code, A=aot compiled Java code, j=interpreted, Vv=VM code, C=native code)
C  [libjimage.so+0x4231]  ImageStrings::find(Endian*, char const*, int*, unsigned int)+0x71
C  [libjimage.so+0x4d7a]  ImageFileReader::find_location_index(char const*, unsigned long long*) const+0x3a
C  [libjimage.so+0x5291]  JIMAGE_FindResource+0xf1
V  [libjvm.so+0x58f143]  ClassPathImageEntry::open_stream_for_loader(char const*, ClassLoaderData*, Thread*)+0x53
V  [libjvm.so+0x590fed]  ClassLoader::load_class(Symbol*, bool, Thread*)+0x13d
V  [libjvm.so+0xd22da1]  SystemDictionary::load_instance_class(Symbol*, Handle, Thread*)+0x491
V  [libjvm.so+0xd21a7a]  SystemDictionary::resolve_instance_class_or_null(Symbol*, Handle, Handle, Thread*)+0x9aa
V  [libjvm.so+0xd23c40]  SystemDictionary::resolve_or_fail(Symbol*, Handle, Handle, bool, Thread*)+0x50
V  [libjvm.so+0x632fe0]  ConstantPool::klass_at_impl(constantPoolHandle const&, int, bool, Thread*)+0xd0
V  [libjvm.so+0x82b58a]  InterpreterRuntime::_new(JavaThread*, ConstantPool*, int)+0x6a
j  jdk.internal.misc.Signal.dispatch(I)V+25 java.base@13.0.1
v  ~StubRoutines::call_stub
V  [libjvm.so+0x834ea9]  JavaCalls::call_helper(JavaValue*, methodHandle const&, JavaCallArguments*, Thread*)+0x319
V  [libjvm.so+0x833c40]  JavaCalls::call_static(JavaValue*, Klass*, Symbol*, Symbol*, JavaCallArguments*, Thread*)+0x110
V  [libjvm.so+0xbadee9]  signal_thread_entry(JavaThread*, Thread*)+0x2c9
V  [libjvm.so+0xd684c7]  JavaThread::thread_main_inner()+0x1f7
V  [libjvm.so+0xd6d10d]  Thread::call_run()+0x10d
V  [libjvm.so+0xbbf447]  thread_native_entry(Thread*)+0xe7

Java frames: (J=compiled Java code, j=interpreted, Vv=VM code)
j  jdk.internal.misc.Signal.dispatch(I)V+25 java.base@13.0.1
v  ~StubRoutines::call_stub

siginfo: si_signo: 11 (SIGSEGV), si_code: 1 (SEGV_MAPERR), si_addr: 0x00007f3877a7b2f0

Register to memory mapping:

RAX=0x00000000000030b5 is an unknown value
RBX=0x00007f38848a2201 is pointing into the stack for thread: 0x00007f388017e800
RCX=0x00007f3877a6f01c is an unknown value
RDX=0x00000000000030b5 is an unknown value
RSP=0x00007f38848a2150 is pointing into the stack for thread: 0x00007f388017e800
RBP=0x00007f38848a2170 is pointing into the stack for thread: 0x00007f388017e800
RSI=0x00007f38848a2200 is pointing into the stack for thread: 0x00007f388017e800
RDI=0x00007f3889a66150: <offset 0x000000000001e150> in /usr/lib/jvm/java-13-oracle/lib/libjimage.so at 0x00007f3889a48000
R8 =0x0 is NULL
R9 =0x0000000076100fa4 is an unknown value
R10=0x00007f38848a2223 is pointing into the stack for thread: 0x00007f388017e800
R11=0x00007f388916d4c0: <offset 0x00000000001af4c0> in /lib/x86_64-linux-gnu/libc.so.6 at 0x00007f3888fbe000
R12=0x00007f38848a2200 is pointing into the stack for thread: 0x00007f388017e800
R13=0x0000000000008313 is an unknown value
R14=0x00007f38848a32a8 is pointing into the stack for thread: 0x00007f388017e800
R15=0x00007f388017f0c0 points into unknown readable memory: 6a 64 6b 2f 69 6e 74 65


Registers:
RAX=0x00000000000030b5, RBX=0x00007f38848a2201, RCX=0x00007f3877a6f01c, RDX=0x00000000000030b5
RSP=0x00007f38848a2150, RBP=0x00007f38848a2170, RSI=0x00007f38848a2200, RDI=0x00007f3889a66150
R8 =0x0000000000000000, R9 =0x0000000076100fa4, R10=0x00007f38848a2223, R11=0x00007f388916d4c0
R12=0x00007f38848a2200, R13=0x0000000000008313, R14=0x00007f38848a32a8, R15=0x00007f388017f0c0
RIP=0x00007f3889a4c231, EFLAGS=0x0000000000010246, CSGSFS=0x002b000000000033, ERR=0x0000000000000004
  TRAPNO=0x000000000000000e

Top of Stack: (sp=0x00007f38848a2150)
0x00007f38848a2150:   0000000000000000 00007f3880039fd0
0x00007f38848a2160:   0000000000000000 00007f38848a2200
0x00007f38848a2170:   00007f38848a21e0 00007f3889a4cd7a
0x00007f38848a2180:   0000000000000000 0000000000000000 

Instructions: (pc=0x00007f3889a4c231)
0x00007f3889a4c131:   48 89 df 48 89 4d 88 e8 73 16 00 00 48 8b 4d 88
0x00007f3889a4c141:   44 03 6d 90 e9 42 fd ff ff 66 0f 1f 44 00 00 8b
0x00007f3889a4c151:   08 41 89 0e 44 89 c1 8b 74 08 fc 41 89 74 0e fc
0x00007f3889a4c161:   e9 d8 fe ff ff 66 2e 0f 1f 84 00 00 00 00 00 ba
0x00007f3889a4c171:   0a 00 00 00 e9 95 fd ff ff 44 89 c1 0f b7 74 08
0x00007f3889a4c181:   fe 66 41 89 74 0e fe e9 b1 fe ff ff 0f 1f 00 0f
0x00007f3889a4c191:   b6 17 89 f1 4c 8d 47 01 84 d2 74 1a 0f 1f 00 69
0x00007f3889a4c1a1:   c9 93 01 00 01 49 83 c0 01 31 d1 41 0f b6 50 ff
0x00007f3889a4c1b1:   84 d2 75 eb 89 ce 89 f0 25 ff ff ff 7f c3 90 48
0x00007f3889a4c1c1:   85 d2 0f 84 e1 00 00 00 85 c9 0f 84 d9 00 00 00
0x00007f3889a4c1d1:   55 48 89 e5 41 55 41 54 53 48 8d 5e 01 48 83 ec
0x00007f3889a4c1e1:   08 44 0f b6 06 45 84 c0 0f 84 b1 00 00 00 49 89
0x00007f3889a4c1f1:   da b8 93 01 00 01 66 0f 1f 84 00 00 00 00 00 44
0x00007f3889a4c201:   69 c8 93 01 00 01 49 83 c2 01 41 0f b6 c0 45 0f
0x00007f3889a4c211:   b6 42 ff 44 31 c8 45 84 c0 75 e4 25 ff ff ff 7f
0x00007f3889a4c221:   41 89 cd 48 89 d1 31 d2 49 89 f4 41 f7 f5 89 d0
0x00007f3889a4c231:   8b 34 81 48 8b 07 ff 50 20 85 c0 7f 22 ba ff ff
0x00007f3889a4c241:   ff ff 74 04 f7 d0 89 c2 48 83 c4 08 89 d0 5b 41
0x00007f3889a4c251:   5c 41 5d 5d c3 66 2e 0f 1f 84 00 00 00 00 00 41
0x00007f3889a4c261:   0f b6 34 24 89 c7 40 84 f6 74 1b 0f 1f 40 00 69
0x00007f3889a4c271:   ff 93 01 00 01 48 83 c3 01 31 f7 0f b6 73 ff 40
0x00007f3889a4c281:   84 f6 75 eb 89 f8 25 ff ff ff 7f 31 d2 48 83 c4
0x00007f3889a4c291:   08 41 f7 f5 5b 41 5c 41 5d 5d 89 d0 c3 66 90 b8
0x00007f3889a4c2a1:   93 01 00 01 e9 77 ff ff ff 83 ca ff 89 d0 c3 0f
0x00007f3889a4c2b1:   b6 17 48 89 f8 84 d2 75 19 eb 1e 0f 1f 40 00 38
0x00007f3889a4c2c1:   ca 75 1c 48 83 c0 01 0f b6 10 48 83 c6 01 84 d2
0x00007f3889a4c2d1:   74 15 0f b6 0e 84 c9 75 e6 c3 0f 1f 44 00 00 31
0x00007f3889a4c2e1:   c0 c3 0f 1f 44 00 00 c3 90 66 0f 1f 44 00 00 48
0x00007f3889a4c2f1:   85 f6 74 5a 0f b6 06 84 c0 74 54 0f 1f 40 00 0f
0x00007f3889a4c301:   b6 d0 83 e0 07 c1 fa 03 44 8d 50 01 0f b6 c0 41
0x00007f3889a4c311:   89 d1 4c 8d 44 06 02 48 8d 56 01 31 c0 66 90 0f
0x00007f3889a4c321:   b6 0a 48 c1 e0 08 48 83 c2 01 48 09 c8 49 39 d0 


Stack slot to memory mapping:
stack at sp + 0 slots: 0x0 is NULL
stack at sp + 1 slots: 0x00007f3880039fd0 points into unknown readable memory: 40 e2 00 2c 38 7f 00 00
stack at sp + 2 slots: 0x0 is NULL
stack at sp + 3 slots: 0x00007f38848a2200 is pointing into the stack for thread: 0x00007f388017e800
stack at sp + 4 slots: 0x00007f38848a21e0 is pointing into the stack for thread: 0x00007f388017e800
stack at sp + 5 slots: 0x00007f3889a4cd7a: <offset 0x0000000000004d7a> in /usr/lib/jvm/java-13-oracle/lib/libjimage.so at 0x00007f3889a48000
stack at sp + 6 slots: 0x0 is NULL
stack at sp + 7 slots: 0x0 is NULL


---------------  P R O C E S S  ---------------

Threads class SMR info:
_java_thread_list=0x00007f38240020f0, length=13, elements={
0x00007f388001b000, 0x00007f388016f800, 0x00007f3880179800, 0x00007f388017e800,
0x00007f3880180800, 0x00007f3880182800, 0x00007f3880184800, 0x00007f38801c6000,
0x00007f388021f000, 0x00007f3880222800, 0x00007f38802ab800, 0x00007f38803b2000,
0x00007f38803de000
}

Java Threads: ( => current thread )
  0x00007f388001b000 JavaThread "main" [_thread_blocked, id=18108, stack(0x00007f3889aec000,0x00007f3889bed000)]
  0x00007f388016f800 JavaThread "Reference Handler" daemon [_thread_blocked, id=18120, stack(0x00007f38849a6000,0x00007f3884aa7000)]
  0x00007f3880179800 JavaThread "Finalizer" daemon [_thread_blocked, id=18121, stack(0x00007f38848a5000,0x00007f38849a6000)]
=>0x00007f388017e800 JavaThread "Signal Dispatcher" daemon [_thread_in_vm, id=18122, stack(0x00007f38847a4000,0x00007f38848a5000)]
  0x00007f3880180800 JavaThread "C2 CompilerThread0" daemon [_thread_blocked, id=18123, stack(0x00007f38846a3000,0x00007f38847a4000)]
  0x00007f3880182800 JavaThread "C1 CompilerThread0" daemon [_thread_blocked, id=18124, stack(0x00007f38845a2000,0x00007f38846a3000)]
  0x00007f3880184800 JavaThread "Sweeper thread" daemon [_thread_blocked, id=18125, stack(0x00007f38844a1000,0x00007f38845a2000)]
  0x00007f38801c6000 JavaThread "Common-Cleaner" daemon [_thread_blocked, id=18126, stack(0x00007f3884389000,0x00007f388448a000)]
  0x00007f388021f000 JavaThread "JDWP Transport Listener: dt_socket" daemon [_thread_in_native, id=18128, stack(0x00007f3884288000,0x00007f3884389000)]
  0x00007f3880222800 JavaThread "JDWP Event Helper Thread" daemon [_thread_blocked, id=18129, stack(0x00007f3884187000,0x00007f3884288000)]
  0x00007f38802ab800 JavaThread "Service Thread" daemon [_thread_blocked, id=18135, stack(0x00007f386413e000,0x00007f386423f000)]
  0x00007f38803b2000 JavaThread "Java2D Disposer" daemon [_thread_blocked, id=18140, stack(0x00007f386423f000,0x00007f3864340000)]
  0x00007f38803de000 JavaThread "AWT-XAWT" daemon [_thread_in_native, id=18141, stack(0x00007f3854039000,0x00007f385413a000)]

Other Threads:
  0x00007f388016c800 VMThread "VM Thread" [stack: 0x00007f3884aa9000,0x00007f3884ba9000] [id=18119]
  0x00007f38802b2800 WatcherThread [stack: 0x00007f386403e000,0x00007f386413e000] [id=18136]
  0x00007f388006e800 GCTaskThread "GC Thread#0" [stack: 0x00007f3885cd4000,0x00007f3885dd4000] [id=18114]
  0x00007f3880080000 ConcurrentGCThread "G1 Main Marker" [stack: 0x00007f3885bd2000,0x00007f3885cd2000] [id=18115]
  0x00007f3880081800 ConcurrentGCThread "G1 Conc#0" [stack: 0x00007f3885ad0000,0x00007f3885bd0000] [id=18116]
  0x00007f38800fa800 ConcurrentGCThread "G1 Refine#0" [stack: 0x00007f38855ca000,0x00007f38856ca000] [id=18117]
  0x00007f38800fc000 ConcurrentGCThread "G1 Young RemSet Sampling" [stack: 0x00007f38854c8000,0x00007f38855c8000] [id=18118]

Threads with active compile tasks:

VM state:not at safepoint (normal execution)

VM Mutex/Monitor currently owned by a thread: None

Heap address: 0x0000000085400000, size: 1964 MB, Compressed Oops mode: 32-bit
Narrow klass base: 0x0000000800000000, Narrow klass shift: 3
Compressed class space size: 1073741824 Address: 0x0000000800aed000

Heap:
 garbage-first heap   total 129024K, used 14088K [0x0000000085400000, 0x0000000100000000)
  region size 1024K, 14 young (14336K), 0 survivors (0K)
 Metaspace       used 7497K, capacity 7796K, committed 7936K, reserved 1056768K
  class space    used 783K, capacity 930K, committed 1024K, reserved 1048576K
Heap Regions: E=young(eden), S=young(survivor), O=old, HS=humongous(starts), HC=humongous(continues), CS=collection set, F=free, A=archive, TAMS=top-at-mark-start (previous, next)
|   0|0x0000000085400000, 0x0000000085400000, 0x0000000085500000|  0%| F|  |TAMS 0x0000000085400000, 0x0000000085400000| Untracked 
|   1|0x0000000085500000, 0x0000000085500000, 0x0000000085600000|  0%| F|  |TAMS 0x0000000085500000, 0x0000000085500000| Untracked 
|   2|0x0000000085600000, 0x0000000085600000, 0x0000000085700000|  0%| F|  |TAMS 0x0000000085600000, 0x0000000085600000| Untracked 
|   3|0x0000000085700000, 0x0000000085700000, 0x0000000085800000|  0%| F|  |TAMS 0x0000000085700000, 0x0000000085700000| Untracked 
|   4|0x0000000085800000, 0x0000000085800000, 0x0000000085900000|  0%| F|  |TAMS 0x0000000085800000, 0x0000000085800000| Untracked 
|   5|0x0000000085900000, 0x0000000085900000, 0x0000000085a00000|  0%| F|  |TAMS 0x0000000085900000, 0x0000000085900000| Untracked 
|   6|0x0000000085a00000, 0x0000000085a00000, 0x0000000085b00000|  0%| F|  |TAMS 0x0000000085a00000, 0x0000000085a00000| Untracked 
|   7|0x0000000085b00000, 0x0000000085b00000, 0x0000000085c00000|  0%| F|  |TAMS 0x0000000085b00000, 0x0000000085b00000| Untracked 
|   8|0x0000000085c00000, 0x0000000085c00000, 0x0000000085d00000|  0%| F|  |TAMS 0x0000000085c00000, 0x0000000085c00000| Untracked 
|   9|0x0000000085d00000, 0x0000000085d00000, 0x0000000085e00000|  0%| F|  |TAMS 0x0000000085d00000, 0x0000000085d00000| Untracked 
|  10|0x0000000085e00000, 0x0000000085e00000, 0x0000000085f00000|  0%| F|  |TAMS 0x0000000085e00000, 0x0000000085e00000| Untracked 
|  11|0x0000000085f00000, 0x0000000085f00000, 0x0000000086000000|  0%| F|  |TAMS 0x0000000085f00000, 0x0000000085f00000| Untracked 
|  12|0x0000000086000000, 0x0000000086000000, 0x0000000086100000|  0%| F|  |TAMS 0x0000000086000000, 0x0000000086000000| Untracked 
|  13|0x0000000086100000, 0x0000000086100000, 0x0000000086200000|  0%| F|  |TAMS 0x0000000086100000, 0x0000000086100000| Untracked 
|  14|0x0000000086200000, 0x0000000086200000, 0x0000000086300000|  0%| F|  |TAMS 0x0000000086200000, 0x0000000086200000| Untracked 
|  15|0x0000000086300000, 0x0000000086300000, 0x0000000086400000|  0%| F|  |TAMS 0x0000000086300000, 0x0000000086300000| Untracked 
|  16|0x0000000086400000, 0x0000000086400000, 0x0000000086500000|  0%| F|  |TAMS 0x0000000086400000, 0x0000000086400000| Untracked 
|  17|0x0000000086500000, 0x0000000086500000, 0x0000000086600000|  0%| F|  |TAMS 0x0000000086500000, 0x0000000086500000| Untracked 
|  18|0x0000000086600000, 0x0000000086600000, 0x0000000086700000|  0%| F|  |TAMS 0x0000000086600000, 0x0000000086600000| Untracked 
|  19|0x0000000086700000, 0x0000000086700000, 0x0000000086800000|  0%| F|  |TAMS 0x0000000086700000, 0x0000000086700000| Untracked 
|  20|0x0000000086800000, 0x0000000086800000, 0x0000000086900000|  0%| F|  |TAMS 0x0000000086800000, 0x0000000086800000| Untracked 
|  21|0x0000000086900000, 0x0000000086900000, 0x0000000086a00000|  0%| F|  |TAMS 0x0000000086900000, 0x0000000086900000| Untracked 
|  22|0x0000000086a00000, 0x0000000086a00000, 0x0000000086b00000|  0%| F|  |TAMS 0x0000000086a00000, 0x0000000086a00000| Untracked 
|  23|0x0000000086b00000, 0x0000000086b00000, 0x0000000086c00000|  0%| F|  |TAMS 0x0000000086b00000, 0x0000000086b00000| Untracked 
|  24|0x0000000086c00000, 0x0000000086c00000, 0x0000000086d00000|  0%| F|  |TAMS 0x0000000086c00000, 0x0000000086c00000| Untracked 
|  25|0x0000000086d00000, 0x0000000086d00000, 0x0000000086e00000|  0%| F|  |TAMS 0x0000000086d00000, 0x0000000086d00000| Untracked 
|  26|0x0000000086e00000, 0x0000000086e00000, 0x0000000086f00000|  0%| F|  |TAMS 0x0000000086e00000, 0x0000000086e00000| Untracked 
|  27|0x0000000086f00000, 0x0000000086f00000, 0x0000000087000000|  0%| F|  |TAMS 0x0000000086f00000, 0x0000000086f00000| Untracked 
|  28|0x0000000087000000, 0x0000000087000000, 0x0000000087100000|  0%| F|  |TAMS 0x0000000087000000, 0x0000000087000000| Untracked 
|  29|0x0000000087100000, 0x0000000087100000, 0x0000000087200000|  0%| F|  |TAMS 0x0000000087100000, 0x0000000087100000| Untracked 
|  30|0x0000000087200000, 0x0000000087200000, 0x0000000087300000|  0%| F|  |TAMS 0x0000000087200000, 0x0000000087200000| Untracked 
|  31|0x0000000087300000, 0x0000000087300000, 0x0000000087400000|  0%| F|  |TAMS 0x0000000087300000, 0x0000000087300000| Untracked 
|  32|0x0000000087400000, 0x0000000087400000, 0x0000000087500000|  0%| F|  |TAMS 0x0000000087400000, 0x0000000087400000| Untracked 
|  33|0x0000000087500000, 0x0000000087500000, 0x0000000087600000|  0%| F|  |TAMS 0x0000000087500000, 0x0000000087500000| Untracked 
|  34|0x0000000087600000, 0x0000000087600000, 0x0000000087700000|  0%| F|  |TAMS 0x0000000087600000, 0x0000000087600000| Untracked 
|  35|0x0000000087700000, 0x0000000087700000, 0x0000000087800000|  0%| F|  |TAMS 0x0000000087700000, 0x0000000087700000| Untracked 
|  36|0x0000000087800000, 0x0000000087800000, 0x0000000087900000|  0%| F|  |TAMS 0x0000000087800000, 0x0000000087800000| Untracked 
|  37|0x0000000087900000, 0x0000000087900000, 0x0000000087a00000|  0%| F|  |TAMS 0x0000000087900000, 0x0000000087900000| Untracked 
|  38|0x0000000087a00000, 0x0000000087a00000, 0x0000000087b00000|  0%| F|  |TAMS 0x0000000087a00000, 0x0000000087a00000| Untracked 
|  39|0x0000000087b00000, 0x0000000087b00000, 0x0000000087c00000|  0%| F|  |TAMS 0x0000000087b00000, 0x0000000087b00000| Untracked 
|  40|0x0000000087c00000, 0x0000000087c00000, 0x0000000087d00000|  0%| F|  |TAMS 0x0000000087c00000, 0x0000000087c00000| Untracked 
|  41|0x0000000087d00000, 0x0000000087d00000, 0x0000000087e00000|  0%| F|  |TAMS 0x0000000087d00000, 0x0000000087d00000| Untracked 
|  42|0x0000000087e00000, 0x0000000087e00000, 0x0000000087f00000|  0%| F|  |TAMS 0x0000000087e00000, 0x0000000087e00000| Untracked 
|  43|0x0000000087f00000, 0x0000000087f00000, 0x0000000088000000|  0%| F|  |TAMS 0x0000000087f00000, 0x0000000087f00000| Untracked 
|  44|0x0000000088000000, 0x0000000088000000, 0x0000000088100000|  0%| F|  |TAMS 0x0000000088000000, 0x0000000088000000| Untracked 
|  45|0x0000000088100000, 0x0000000088100000, 0x0000000088200000|  0%| F|  |TAMS 0x0000000088100000, 0x0000000088100000| Untracked 
|  46|0x0000000088200000, 0x0000000088200000, 0x0000000088300000|  0%| F|  |TAMS 0x0000000088200000, 0x0000000088200000| Untracked 
|  47|0x0000000088300000, 0x0000000088300000, 0x0000000088400000|  0%| F|  |TAMS 0x0000000088300000, 0x0000000088300000| Untracked 
|  48|0x0000000088400000, 0x0000000088400000, 0x0000000088500000|  0%| F|  |TAMS 0x0000000088400000, 0x0000000088400000| Untracked 
|  49|0x0000000088500000, 0x0000000088500000, 0x0000000088600000|  0%| F|  |TAMS 0x0000000088500000, 0x0000000088500000| Untracked 
|  50|0x0000000088600000, 0x0000000088600000, 0x0000000088700000|  0%| F|  |TAMS 0x0000000088600000, 0x0000000088600000| Untracked 
|  51|0x0000000088700000, 0x0000000088700000, 0x0000000088800000|  0%| F|  |TAMS 0x0000000088700000, 0x0000000088700000| Untracked 
|  52|0x0000000088800000, 0x0000000088800000, 0x0000000088900000|  0%| F|  |TAMS 0x0000000088800000, 0x0000000088800000| Untracked 
|  53|0x0000000088900000, 0x0000000088900000, 0x0000000088a00000|  0%| F|  |TAMS 0x0000000088900000, 0x0000000088900000| Untracked 
|  54|0x0000000088a00000, 0x0000000088a00000, 0x0000000088b00000|  0%| F|  |TAMS 0x0000000088a00000, 0x0000000088a00000| Untracked 
|  55|0x0000000088b00000, 0x0000000088b00000, 0x0000000088c00000|  0%| F|  |TAMS 0x0000000088b00000, 0x0000000088b00000| Untracked 
|  56|0x0000000088c00000, 0x0000000088c00000, 0x0000000088d00000|  0%| F|  |TAMS 0x0000000088c00000, 0x0000000088c00000| Untracked 
|  57|0x0000000088d00000, 0x0000000088d00000, 0x0000000088e00000|  0%| F|  |TAMS 0x0000000088d00000, 0x0000000088d00000| Untracked 
|  58|0x0000000088e00000, 0x0000000088e00000, 0x0000000088f00000|  0%| F|  |TAMS 0x0000000088e00000, 0x0000000088e00000| Untracked 
|  59|0x0000000088f00000, 0x0000000088f00000, 0x0000000089000000|  0%| F|  |TAMS 0x0000000088f00000, 0x0000000088f00000| Untracked 
|  60|0x0000000089000000, 0x0000000089000000, 0x0000000089100000|  0%| F|  |TAMS 0x0000000089000000, 0x0000000089000000| Untracked 
|  61|0x0000000089100000, 0x0000000089100000, 0x0000000089200000|  0%| F|  |TAMS 0x0000000089100000, 0x0000000089100000| Untracked 
|  62|0x0000000089200000, 0x0000000089200000, 0x0000000089300000|  0%| F|  |TAMS 0x0000000089200000, 0x0000000089200000| Untracked 
|  63|0x0000000089300000, 0x0000000089300000, 0x0000000089400000|  0%| F|  |TAMS 0x0000000089300000, 0x0000000089300000| Untracked 
|  64|0x0000000089400000, 0x0000000089400000, 0x0000000089500000|  0%| F|  |TAMS 0x0000000089400000, 0x0000000089400000| Untracked 
|  65|0x0000000089500000, 0x0000000089500000, 0x0000000089600000|  0%| F|  |TAMS 0x0000000089500000, 0x0000000089500000| Untracked 
|  66|0x0000000089600000, 0x0000000089600000, 0x0000000089700000|  0%| F|  |TAMS 0x0000000089600000, 0x0000000089600000| Untracked 
|  67|0x0000000089700000, 0x0000000089700000, 0x0000000089800000|  0%| F|  |TAMS 0x0000000089700000, 0x0000000089700000| Untracked 
|  68|0x0000000089800000, 0x0000000089800000, 0x0000000089900000|  0%| F|  |TAMS 0x0000000089800000, 0x0000000089800000| Untracked 
|  69|0x0000000089900000, 0x0000000089900000, 0x0000000089a00000|  0%| F|  |TAMS 0x0000000089900000, 0x0000000089900000| Untracked 
|  70|0x0000000089a00000, 0x0000000089a00000, 0x0000000089b00000|  0%| F|  |TAMS 0x0000000089a00000, 0x0000000089a00000| Untracked 
|  71|0x0000000089b00000, 0x0000000089b00000, 0x0000000089c00000|  0%| F|  |TAMS 0x0000000089b00000, 0x0000000089b00000| Untracked 
|  72|0x0000000089c00000, 0x0000000089c00000, 0x0000000089d00000|  0%| F|  |TAMS 0x0000000089c00000, 0x0000000089c00000| Untracked 
|  73|0x0000000089d00000, 0x0000000089d00000, 0x0000000089e00000|  0%| F|  |TAMS 0x0000000089d00000, 0x0000000089d00000| Untracked 
|  74|0x0000000089e00000, 0x0000000089e00000, 0x0000000089f00000|  0%| F|  |TAMS 0x0000000089e00000, 0x0000000089e00000| Untracked 
|  75|0x0000000089f00000, 0x0000000089f00000, 0x000000008a000000|  0%| F|  |TAMS 0x0000000089f00000, 0x0000000089f00000| Untracked 
|  76|0x000000008a000000, 0x000000008a000000, 0x000000008a100000|  0%| F|  |TAMS 0x000000008a000000, 0x000000008a000000| Untracked 
|  77|0x000000008a100000, 0x000000008a100000, 0x000000008a200000|  0%| F|  |TAMS 0x000000008a100000, 0x000000008a100000| Untracked 
|  78|0x000000008a200000, 0x000000008a200000, 0x000000008a300000|  0%| F|  |TAMS 0x000000008a200000, 0x000000008a200000| Untracked 
|  79|0x000000008a300000, 0x000000008a300000, 0x000000008a400000|  0%| F|  |TAMS 0x000000008a300000, 0x000000008a300000| Untracked 
|  80|0x000000008a400000, 0x000000008a400000, 0x000000008a500000|  0%| F|  |TAMS 0x000000008a400000, 0x000000008a400000| Untracked 
|  81|0x000000008a500000, 0x000000008a500000, 0x000000008a600000|  0%| F|  |TAMS 0x000000008a500000, 0x000000008a500000| Untracked 
|  82|0x000000008a600000, 0x000000008a600000, 0x000000008a700000|  0%| F|  |TAMS 0x000000008a600000, 0x000000008a600000| Untracked 
|  83|0x000000008a700000, 0x000000008a700000, 0x000000008a800000|  0%| F|  |TAMS 0x000000008a700000, 0x000000008a700000| Untracked 
|  84|0x000000008a800000, 0x000000008a800000, 0x000000008a900000|  0%| F|  |TAMS 0x000000008a800000, 0x000000008a800000| Untracked 
|  85|0x000000008a900000, 0x000000008a900000, 0x000000008aa00000|  0%| F|  |TAMS 0x000000008a900000, 0x000000008a900000| Untracked 
|  86|0x000000008aa00000, 0x000000008aa00000, 0x000000008ab00000|  0%| F|  |TAMS 0x000000008aa00000, 0x000000008aa00000| Untracked 
|  87|0x000000008ab00000, 0x000000008ab00000, 0x000000008ac00000|  0%| F|  |TAMS 0x000000008ab00000, 0x000000008ab00000| Untracked 
|  88|0x000000008ac00000, 0x000000008ac00000, 0x000000008ad00000|  0%| F|  |TAMS 0x000000008ac00000, 0x000000008ac00000| Untracked 
|  89|0x000000008ad00000, 0x000000008ad00000, 0x000000008ae00000|  0%| F|  |TAMS 0x000000008ad00000, 0x000000008ad00000| Untracked 
|  90|0x000000008ae00000, 0x000000008ae00000, 0x000000008af00000|  0%| F|  |TAMS 0x000000008ae00000, 0x000000008ae00000| Untracked 
|  91|0x000000008af00000, 0x000000008af00000, 0x000000008b000000|  0%| F|  |TAMS 0x000000008af00000, 0x000000008af00000| Untracked 
|  92|0x000000008b000000, 0x000000008b000000, 0x000000008b100000|  0%| F|  |TAMS 0x000000008b000000, 0x000000008b000000| Untracked 
|  93|0x000000008b100000, 0x000000008b100000, 0x000000008b200000|  0%| F|  |TAMS 0x000000008b100000, 0x000000008b100000| Untracked 
|  94|0x000000008b200000, 0x000000008b200000, 0x000000008b300000|  0%| F|  |TAMS 0x000000008b200000, 0x000000008b200000| Untracked 
|  95|0x000000008b300000, 0x000000008b300000, 0x000000008b400000|  0%| F|  |TAMS 0x000000008b300000, 0x000000008b300000| Untracked 
|  96|0x000000008b400000, 0x000000008b400000, 0x000000008b500000|  0%| F|  |TAMS 0x000000008b400000, 0x000000008b400000| Untracked 
|  97|0x000000008b500000, 0x000000008b500000, 0x000000008b600000|  0%| F|  |TAMS 0x000000008b500000, 0x000000008b500000| Untracked 
|  98|0x000000008b600000, 0x000000008b600000, 0x000000008b700000|  0%| F|  |TAMS 0x000000008b600000, 0x000000008b600000| Untracked 
|  99|0x000000008b700000, 0x000000008b700000, 0x000000008b800000|  0%| F|  |TAMS 0x000000008b700000, 0x000000008b700000| Untracked 
| 100|0x000000008b800000, 0x000000008b800000, 0x000000008b900000|  0%| F|  |TAMS 0x000000008b800000, 0x000000008b800000| Untracked 
| 101|0x000000008b900000, 0x000000008b900000, 0x000000008ba00000|  0%| F|  |TAMS 0x000000008b900000, 0x000000008b900000| Untracked 
| 102|0x000000008ba00000, 0x000000008ba00000, 0x000000008bb00000|  0%| F|  |TAMS 0x000000008ba00000, 0x000000008ba00000| Untracked 
| 103|0x000000008bb00000, 0x000000008bb00000, 0x000000008bc00000|  0%| F|  |TAMS 0x000000008bb00000, 0x000000008bb00000| Untracked 
| 104|0x000000008bc00000, 0x000000008bc00000, 0x000000008bd00000|  0%| F|  |TAMS 0x000000008bc00000, 0x000000008bc00000| Untracked 
| 105|0x000000008bd00000, 0x000000008bd00000, 0x000000008be00000|  0%| F|  |TAMS 0x000000008bd00000, 0x000000008bd00000| Untracked 
| 106|0x000000008be00000, 0x000000008be00000, 0x000000008bf00000|  0%| F|  |TAMS 0x000000008be00000, 0x000000008be00000| Untracked 
| 107|0x000000008bf00000, 0x000000008bf00000, 0x000000008c000000|  0%| F|  |TAMS 0x000000008bf00000, 0x000000008bf00000| Untracked 
| 108|0x000000008c000000, 0x000000008c000000, 0x000000008c100000|  0%| F|  |TAMS 0x000000008c000000, 0x000000008c000000| Untracked 
| 109|0x000000008c100000, 0x000000008c100000, 0x000000008c200000|  0%| F|  |TAMS 0x000000008c100000, 0x000000008c100000| Untracked 
| 110|0x000000008c200000, 0x000000008c2d7970, 0x000000008c300000| 84%| E|  |TAMS 0x000000008c200000, 0x000000008c200000| Complete 
| 111|0x000000008c300000, 0x000000008c400000, 0x000000008c400000|100%| E|CS|TAMS 0x000000008c300000, 0x000000008c300000| Complete 
| 112|0x000000008c400000, 0x000000008c500000, 0x000000008c500000|100%| E|CS|TAMS 0x000000008c400000, 0x000000008c400000| Complete 
| 113|0x000000008c500000, 0x000000008c600000, 0x000000008c600000|100%| E|CS|TAMS 0x000000008c500000, 0x000000008c500000| Complete 
| 114|0x000000008c600000, 0x000000008c700000, 0x000000008c700000|100%| E|CS|TAMS 0x000000008c600000, 0x000000008c600000| Complete 
| 115|0x000000008c700000, 0x000000008c800000, 0x000000008c800000|100%| E|CS|TAMS 0x000000008c700000, 0x000000008c700000| Complete 
| 116|0x000000008c800000, 0x000000008c900000, 0x000000008c900000|100%| E|CS|TAMS 0x000000008c800000, 0x000000008c800000| Complete 
| 117|0x000000008c900000, 0x000000008ca00000, 0x000000008ca00000|100%| E|CS|TAMS 0x000000008c900000, 0x000000008c900000| Complete 
| 118|0x000000008ca00000, 0x000000008cb00000, 0x000000008cb00000|100%| E|CS|TAMS 0x000000008ca00000, 0x000000008ca00000| Complete 
| 119|0x000000008cb00000, 0x000000008cc00000, 0x000000008cc00000|100%| E|CS|TAMS 0x000000008cb00000, 0x000000008cb00000| Complete 
| 120|0x000000008cc00000, 0x000000008cd00000, 0x000000008cd00000|100%| E|CS|TAMS 0x000000008cc00000, 0x000000008cc00000| Complete 
| 121|0x000000008cd00000, 0x000000008ce00000, 0x000000008ce00000|100%| E|CS|TAMS 0x000000008cd00000, 0x000000008cd00000| Complete 
| 122|0x000000008ce00000, 0x000000008cf00000, 0x000000008cf00000|100%| E|CS|TAMS 0x000000008ce00000, 0x000000008ce00000| Complete 
| 123|0x000000008cf00000, 0x000000008d000000, 0x000000008d000000|100%| E|CS|TAMS 0x000000008cf00000, 0x000000008cf00000| Complete 
|1962|0x00000000ffe00000, 0x00000000ffe48000, 0x00000000fff00000| 28%|OA|  |TAMS 0x00000000ffe00000, 0x00000000ffe00000| Untracked 
|1963|0x00000000fff00000, 0x00000000fff7a000, 0x0000000100000000| 47%|CA|  |TAMS 0x00000000fff00000, 0x00000000fff00000| Untracked 

Card table byte_map: [0x00007f38861ec000,0x00007f38865c2000] _byte_map_base: 0x00007f3885dc2000

Marking Bits (Prev, Next): (CMBitMap*) 0x00007f388006f8d8, (CMBitMap*) 0x00007f388006f918
 Prev Bits: [0x00007f3866bbf000, 0x00007f3868a6f000)
 Next Bits: [0x00007f3864d0f000, 0x00007f3866bbf000)

Polling page: 0x00007f3889c03000

Metaspace:

Usage:
  Non-class:      6.71 MB capacity,     6.56 MB ( 98%) used,   130.53 KB (  2%) free+waste,    21.69 KB ( <1%) overhead. 
      Class:    930.00 KB capacity,   783.77 KB ( 84%) used,   132.04 KB ( 14%) free+waste,    14.19 KB (  2%) overhead. 
       Both:      7.61 MB capacity,     7.32 MB ( 96%) used,   262.57 KB (  3%) free+waste,    35.88 KB ( <1%) overhead. 

Virtual space:
  Non-class space:        8.00 MB reserved,       6.75 MB ( 84%) committed 
      Class space:        1.00 GB reserved,       1.00 MB ( <1%) committed 
             Both:        1.01 GB reserved,       7.75 MB ( <1%) committed 

Chunk freelists:
   Non-Class:  22.00 KB
       Class:  10.00 KB
        Both:  32.00 KB

MaxMetaspaceSize: unlimited
CompressedClassSpaceSize: 1.00 GB

CodeHeap 'non-profiled nmethods': size=120032Kb used=288Kb max_used=288Kb free=119744Kb
 bounds [0x00007f3870537000, 0x00007f38707a7000, 0x00007f3877a6f000]
CodeHeap 'profiled nmethods': size=120032Kb used=1475Kb max_used=1475Kb free=118557Kb
 bounds [0x00007f3868fff000, 0x00007f386926f000, 0x00007f3870537000]
CodeHeap 'non-nmethods': size=5696Kb used=1323Kb max_used=1338Kb free=4372Kb
 bounds [0x00007f3868a6f000, 0x00007f3868cdf000, 0x00007f3868fff000]
 total_blobs=1553 nmethods=802 adapters=455
 compilation: enabled
              stopped_count=0, restarted_count=0
 full_count=0

Compilation events (20 events):
Event: 1314.943 Thread 0x00007f3880180800  790       4       java.util.concurrent.locks.ReentrantLock$NonfairSync::tryAcquire (6 bytes)
Event: 1314.952 Thread 0x00007f3880180800 nmethod 790 0x00007f387057b490 code [0x00007f387057b620, 0x00007f387057b8b8]
Event: 1316.946 Thread 0x00007f3880180800  792       4       java.util.concurrent.locks.AbstractQueuedSynchronizer::release (33 bytes)
Event: 1316.953 Thread 0x00007f3880180800 nmethod 792 0x00007f387057ba10 code [0x00007f387057bba0, 0x00007f387057bdf8]
Event: 1317.947 Thread 0x00007f3880180800  793       4       sun.awt.SunToolkit::awtUnlock (7 bytes)
Event: 1317.952 Thread 0x00007f3880180800 nmethod 793 0x00007f387057bf90 code [0x00007f387057c120, 0x00007f387057c338]
Event: 2621.996 Thread 0x00007f3880180800  794       4       jdk.internal.logger.SimpleConsoleLogger::isLoggable (29 bytes)
Event: 2622.000 Thread 0x00007f3880180800 nmethod 794 0x00007f387057c510 code [0x00007f387057c6a0, 0x00007f387057c7f8]
Event: 2622.499 Thread 0x00007f3880180800  795       4       jdk.internal.logger.LazyLoggers$LazyLoggerWrapper::platformProxy (10 bytes)
Event: 2622.503 Thread 0x00007f3880180800 nmethod 795 0x00007f387057c990 code [0x00007f387057cb20, 0x00007f387057cc18]
Event: 2631.007 Thread 0x00007f3880180800  796       4       jdk.internal.logger.AbstractLoggerWrapper::isLoggable (26 bytes)
Event: 2631.015 Thread 0x00007f3880180800 nmethod 796 0x00007f387057cd10 code [0x00007f387057cea0, 0x00007f387057d0b8]
Event: 2687.071 Thread 0x00007f3880180800  797   !   4       sun.awt.X11.XToolkit::callTimeoutTasks (220 bytes)
Event: 2687.076 Thread 0x00007f3880180800 nmethod 797 0x00007f387057d310 code [0x00007f387057d4c0, 0x00007f387057d698]
Event: 2687.572 Thread 0x00007f3880180800  798   !   4       sun.awt.X11.XToolkit::getNextTaskTime (55 bytes)
Event: 2687.585 Thread 0x00007f3880180800 nmethod 798 0x00007f387057d910 code [0x00007f387057dac0, 0x00007f387057def8]
Event: 3023.972 Thread 0x00007f3880180800  799       4       sun.awt.SunToolkit::awtLock (7 bytes)
Event: 3023.977 Thread 0x00007f3880180800 nmethod 799 0x00007f387057e210 code [0x00007f387057e3a0, 0x00007f387057e638]
Event: 7680.182 Thread 0x00007f3880182800  802       3       java.lang.ref.ReferenceQueue::reallyPoll (65 bytes)
Event: 7680.183 Thread 0x00007f3880182800 nmethod 802 0x00007f386916f390 code [0x00007f386916f560, 0x00007f386916faf0]

GC Heap History (0 events):
No events

Deoptimization events (20 events):
Event: 1.739 Thread 0x00007f388001b000 DEOPT PACKING pc=0x00007f386913ce09 sp=0x00007f3889beb330
Event: 1.739 Thread 0x00007f388001b000 DEOPT UNPACKING pc=0x00007f3868ab833a sp=0x00007f3889bea8e0 mode 1
Event: 1.739 Thread 0x00007f388001b000 DEOPT PACKING pc=0x00007f386911f506 sp=0x00007f3889beb2f0
Event: 1.739 Thread 0x00007f388001b000 DEOPT UNPACKING pc=0x00007f3868ab833a sp=0x00007f3889bea8f0 mode 1
Event: 1.739 Thread 0x00007f388001b000 DEOPT PACKING pc=0x00007f386911f506 sp=0x00007f3889beb2f0
Event: 1.739 Thread 0x00007f388001b000 DEOPT UNPACKING pc=0x00007f3868ab833a sp=0x00007f3889bea8f0 mode 1
Event: 1.740 Thread 0x00007f388001b000 DEOPT PACKING pc=0x00007f3869126b7e sp=0x00007f3889beb300
Event: 1.740 Thread 0x00007f388001b000 DEOPT UNPACKING pc=0x00007f3868ab833a sp=0x00007f3889bea900 mode 1
Event: 1.740 Thread 0x00007f388001b000 DEOPT PACKING pc=0x00007f3869126b7e sp=0x00007f3889beb300
Event: 1.740 Thread 0x00007f388001b000 DEOPT UNPACKING pc=0x00007f3868ab833a sp=0x00007f3889bea900 mode 1
Event: 1.741 Thread 0x00007f388001b000 DEOPT PACKING pc=0x00007f386913ce09 sp=0x00007f3889beb380
Event: 1.742 Thread 0x00007f388001b000 DEOPT UNPACKING pc=0x00007f3868ab833a sp=0x00007f3889bea930 mode 1
Event: 1.742 Thread 0x00007f388001b000 DEOPT PACKING pc=0x00007f38691413af sp=0x00007f3889beb380
Event: 1.742 Thread 0x00007f388001b000 DEOPT UNPACKING pc=0x00007f3868ab833a sp=0x00007f3889bea930 mode 1
Event: 1.742 Thread 0x00007f388001b000 DEOPT PACKING pc=0x00007f386913ce09 sp=0x00007f3889beb380
Event: 1.742 Thread 0x00007f388001b000 DEOPT UNPACKING pc=0x00007f3868ab833a sp=0x00007f3889bea930 mode 1
Event: 1.742 Thread 0x00007f388001b000 DEOPT PACKING pc=0x00007f386911f506 sp=0x00007f3889beb340
Event: 1.742 Thread 0x00007f388001b000 DEOPT UNPACKING pc=0x00007f3868ab833a sp=0x00007f3889bea940 mode 1
Event: 1.742 Thread 0x00007f388001b000 DEOPT PACKING pc=0x00007f386911f506 sp=0x00007f3889beb340
Event: 1.742 Thread 0x00007f388001b000 DEOPT UNPACKING pc=0x00007f3868ab833a sp=0x00007f3889bea940 mode 1

Classes unloaded (0 events):
No events

Classes redefined (20 events):
Event: 6738.595 Thread 0x00007f388016c800 redefined class name=Game.game, count=58
Event: 6774.142 Thread 0x00007f388016c800 redefined class name=Game.game, count=59
Event: 6817.897 Thread 0x00007f388016c800 redefined class name=Game.game, count=60
Event: 6845.517 Thread 0x00007f388016c800 redefined class name=Game.game, count=61
Event: 6859.367 Thread 0x00007f388016c800 redefined class name=Game.game, count=62
Event: 6920.973 Thread 0x00007f388016c800 redefined class name=Game.game, count=63
Event: 6982.970 Thread 0x00007f388016c800 redefined class name=Game.game, count=64
Event: 7010.761 Thread 0x00007f388016c800 redefined class name=Game.game, count=65
Event: 7071.528 Thread 0x00007f388016c800 redefined class name=Game.game, count=66
Event: 7092.458 Thread 0x00007f388016c800 redefined class name=Game.game, count=67
Event: 7151.343 Thread 0x00007f388016c800 redefined class name=Game.game, count=68
Event: 7167.586 Thread 0x00007f388016c800 redefined class name=Game.game, count=69
Event: 7447.456 Thread 0x00007f388016c800 redefined class name=Game.game, count=70
Event: 7537.716 Thread 0x00007f388016c800 redefined class name=Game.game, count=71
Event: 7617.062 Thread 0x00007f388016c800 redefined class name=Game.game, count=72
Event: 7618.753 Thread 0x00007f388016c800 redefined class name=Game.game, count=73
Event: 7695.617 Thread 0x00007f388016c800 redefined class name=Game.game, count=74
Event: 7754.926 Thread 0x00007f388016c800 redefined class name=Game.game, count=75
Event: 7835.329 Thread 0x00007f388016c800 redefined class name=Game.game, count=76
Event: 7885.715 Thread 0x00007f388016c800 redefined class name=Game.game, count=77

Internal exceptions (20 events):
Event: 1.741 Thread 0x00007f388001b000 Exception <a 'java/lang/ArrayIndexOutOfBoundsException'{0x000000008c2b4568}: Index 8 out of bounds for length 8> (0x000000008c2b4568) 
thrown [open/src/hotspot/share/interpreter/interpreterRuntime.cpp, line 458]
Event: 1.741 Thread 0x00007f388001b000 Exception <a 'java/lang/ArrayIndexOutOfBoundsException'{0x000000008c2b4888}: Index 9 out of bounds for length 8> (0x000000008c2b4888) 
thrown [open/src/hotspot/share/interpreter/interpreterRuntime.cpp, line 458]
Event: 1.741 Thread 0x00007f388001b000 Exception <a 'java/lang/ArrayIndexOutOfBoundsException'{0x000000008c2b4ba8}: Index 8 out of bounds for length 8> (0x000000008c2b4ba8) 
thrown [open/src/hotspot/share/interpreter/interpreterRuntime.cpp, line 458]
Event: 1.741 Thread 0x00007f388001b000 Exception <a 'java/lang/ArrayIndexOutOfBoundsException'{0x000000008c2b4ec8}: Index 9 out of bounds for length 8> (0x000000008c2b4ec8) 
thrown [open/src/hotspot/share/interpreter/interpreterRuntime.cpp, line 458]
Event: 1.741 Thread 0x00007f388001b000 Exception <a 'java/lang/ArrayIndexOutOfBoundsException'{0x000000008c2b5338}: Index 8 out of bounds for length 8> (0x000000008c2b5338) 
thrown [open/src/hotspot/share/interpreter/interpreterRuntime.cpp, line 458]
Event: 1.741 Thread 0x00007f388001b000 Exception <a 'java/lang/ArrayIndexOutOfBoundsException'{0x000000008c2b5658}: Index 8 out of bounds for length 8> (0x000000008c2b5658) 
thrown [open/src/hotspot/share/interpreter/interpreterRuntime.cpp, line 458]
Event: 1.741 Thread 0x00007f388001b000 Exception <a 'java/lang/ArrayIndexOutOfBoundsException'{0x000000008c2b6150}: Index -1 out of bounds for length 8> (0x000000008c2b6150) 
thrown [open/src/hotspot/share/interpreter/interpreterRuntime.cpp, line 458]
Event: 1.741 Thread 0x00007f388001b000 Exception <a 'java/lang/ArrayIndexOutOfBoundsException'{0x000000008c2b6470}: Index -1 out of bounds for length 8> (0x000000008c2b6470) 
thrown [open/src/hotspot/share/interpreter/interpreterRuntime.cpp, line 458]
Event: 1.741 Thread 0x00007f388001b000 Exception <a 'java/lang/ArrayIndexOutOfBoundsException'{0x000000008c2b6848}: Index 8 out of bounds for length 8> (0x000000008c2b6848) 
thrown [open/src/hotspot/share/interpreter/interpreterRuntime.cpp, line 458]
Event: 1.741 Thread 0x00007f388001b000 Exception <a 'java/lang/ArrayIndexOutOfBoundsException'{0x000000008c2b6d90}> (0x000000008c2b6d90) 
thrown [open/src/hotspot/share/runtime/sharedRuntime.cpp, line 585]
Event: 1.742 Thread 0x00007f388001b000 Exception <a 'java/lang/ArrayIndexOutOfBoundsException'{0x000000008c2b7128}: Index -1 out of bounds for length 8> (0x000000008c2b7128) 
thrown [open/src/hotspot/share/interpreter/interpreterRuntime.cpp, line 458]
Event: 1.742 Thread 0x00007f388001b000 Exception <a 'java/lang/ArrayIndexOutOfBoundsException'{0x000000008c2b7978}> (0x000000008c2b7978) 
thrown [open/src/hotspot/share/runtime/sharedRuntime.cpp, line 585]
Event: 1.742 Thread 0x00007f388001b000 Exception <a 'java/lang/ArrayIndexOutOfBoundsException'{0x000000008c2b7d10}: Index -1 out of bounds for length 8> (0x000000008c2b7d10) 
thrown [open/src/hotspot/share/interpreter/interpreterRuntime.cpp, line 458]
Event: 1.742 Thread 0x00007f388001b000 Exception <a 'java/lang/ArrayIndexOutOfBoundsException'{0x000000008c2b80b8}: Index -1 out of bounds for length 8> (0x000000008c2b80b8) 
thrown [open/src/hotspot/share/interpreter/interpreterRuntime.cpp, line 458]
Event: 1.742 Thread 0x00007f388001b000 Exception <a 'java/lang/ArrayIndexOutOfBoundsException'{0x000000008c2b8500}: Index -1 out of bounds for length 8> (0x000000008c2b8500) 
thrown [open/src/hotspot/share/interpreter/interpreterRuntime.cpp, line 458]
Event: 1.742 Thread 0x00007f388001b000 Exception <a 'java/lang/ArrayIndexOutOfBoundsException'{0x000000008c2b9030}> (0x000000008c2b9030) 
thrown [open/src/hotspot/share/runtime/sharedRuntime.cpp, line 585]
Event: 1.742 Thread 0x00007f388001b000 Exception <a 'java/lang/ArrayIndexOutOfBoundsException'{0x000000008c2b93c8}: Index -1 out of bounds for length 8> (0x000000008c2b93c8) 
thrown [open/src/hotspot/share/interpreter/interpreterRuntime.cpp, line 458]
Event: 1.742 Thread 0x00007f388001b000 Exception <a 'java/lang/ArrayIndexOutOfBoundsException'{0x000000008c2b9898}> (0x000000008c2b9898) 
thrown [open/src/hotspot/share/runtime/sharedRuntime.cpp, line 585]
Event: 1.742 Thread 0x00007f388001b000 Exception <a 'java/lang/ArrayIndexOutOfBoundsException'{0x000000008c2ba6c0}> (0x000000008c2ba6c0) 
thrown [open/src/hotspot/share/runtime/sharedRuntime.cpp, line 585]
Event: 1.743 Thread 0x00007f388001b000 Exception <a 'java/lang/ArrayIndexOutOfBoundsException'{0x000000008c2bba60}: Index 19 out of bounds for length 1> (0x000000008c2bba60) 
thrown [open/src/hotspot/share/interpreter/interpreterRuntime.cpp, line 458]

Events (20 events):
Event: 7754.920 Executing VM operation: RedefineClasses
Event: 7754.931 Executing VM operation: RedefineClasses done
Event: 7754.932 Executing VM operation: GetFrameCount
Event: 7754.932 Executing VM operation: GetFrameCount done
Event: 7754.932 Executing VM operation: GetStackTrace
Event: 7754.932 Executing VM operation: GetStackTrace done
Event: 7835.328 Executing VM operation: RedefineClasses
Event: 7835.332 Executing VM operation: RedefineClasses done
Event: 7835.333 Executing VM operation: GetFrameCount
Event: 7835.333 Executing VM operation: GetFrameCount done
Event: 7835.333 Executing VM operation: GetStackTrace
Event: 7835.333 Executing VM operation: GetStackTrace done
Event: 7885.712 Executing VM operation: RedefineClasses
Event: 7885.719 Executing VM operation: RedefineClasses done
Event: 7885.720 Executing VM operation: GetFrameCount
Event: 7885.720 Executing VM operation: GetFrameCount done
Event: 7885.720 Executing VM operation: GetStackTrace
Event: 7885.720 Executing VM operation: GetStackTrace done
Event: 8156.858 Thread 0x00007f382c001800 Thread exited: 0x00007f382c001800
Event: 8156.879 loading class jdk/internal/misc/Signal$1


Dynamic libraries:
00400000-00401000 r-xp 00000000 08:06 393495                             /usr/lib/jvm/java-13-oracle/bin/java
00401000-00402000 r--p 00000000 08:06 393495                             /usr/lib/jvm/java-13-oracle/bin/java
00402000-00403000 rw-p 00001000 08:06 393495                             /usr/lib/jvm/java-13-oracle/bin/java
0100f000-01030000 rw-p 00000000 00:00 0                                  [heap]
85400000-8d000000 rw-p 00000000 00:00 0 
8d000000-ffe00000 ---p 00000000 00:00 0 
ffe00000-ffe48000 rw-p 00b68000 08:06 525596                             /usr/lib/jvm/java-13-oracle/lib/server/classes.jsa
ffe48000-fff00000 rw-p 00000000 00:00 0 
fff00000-fff7a000 rw-p 00aee000 08:06 525596                             /usr/lib/jvm/java-13-oracle/lib/server/classes.jsa
fff7a000-100000000 rw-p 00000000 00:00 0 
800000000-800003000 rwxp 00001000 08:06 525596                           /usr/lib/jvm/java-13-oracle/lib/server/classes.jsa
800003000-800aed000 rw-p 00004000 08:06 525596                           /usr/lib/jvm/java-13-oracle/lib/server/classes.jsa
800aed000-800bed000 rw-p 00000000 00:00 0 
800bed000-840aed000 ---p 00000000 00:00 0 
7f37fc000000-7f37fc021000 rw-p 00000000 00:00 0 
7f37fc021000-7f3800000000 ---p 00000000 00:00 0 
7f3804000000-7f3804021000 rw-p 00000000 00:00 0 
7f3804021000-7f3808000000 ---p 00000000 00:00 0 
7f3808000000-7f3808021000 rw-p 00000000 00:00 0 
7f3808021000-7f380c000000 ---p 00000000 00:00 0 
7f380c000000-7f380c021000 rw-p 00000000 00:00 0 
7f380c021000-7f3810000000 ---p 00000000 00:00 0 
7f3810000000-7f3810021000 rw-p 00000000 00:00 0 
7f3810021000-7f3814000000 ---p 00000000 00:00 0 
7f381476d000-7f3814772000 r-xp 00000000 08:06 270103                     /usr/lib/x86_64-linux-gnu/libXfixes.so.3.1.0
7f3814772000-7f3814971000 ---p 00005000 08:06 270103                     /usr/lib/x86_64-linux-gnu/libXfixes.so.3.1.0
7f3814971000-7f3814972000 r--p 00004000 08:06 270103                     /usr/lib/x86_64-linux-gnu/libXfixes.so.3.1.0
7f3814972000-7f3814973000 rw-p 00005000 08:06 270103                     /usr/lib/x86_64-linux-gnu/libXfixes.so.3.1.0
7f3814973000-7f381497c000 r-xp 00000000 08:06 270095                     /usr/lib/x86_64-linux-gnu/libXcursor.so.1.0.2
7f381497c000-7f3814b7b000 ---p 00009000 08:06 270095                     /usr/lib/x86_64-linux-gnu/libXcursor.so.1.0.2
7f3814b7b000-7f3814b7c000 r--p 00008000 08:06 270095                     /usr/lib/x86_64-linux-gnu/libXcursor.so.1.0.2
7f3814b7c000-7f3814b7d000 rw-p 00009000 08:06 270095                     /usr/lib/x86_64-linux-gnu/libXcursor.so.1.0.2
7f3814b7d000-7f3814b7e000 ---p 00000000 00:00 0 
7f3814b7e000-7f381537e000 rw-p 00000000 00:00 0 
7f381537e000-7f381537f000 ---p 00000000 00:00 0 
7f381537f000-7f3815b7f000 rw-p 00000000 00:00 0 
7f3815b7f000-7f3815b80000 ---p 00000000 00:00 0 
7f3815b80000-7f3816380000 rw-p 00000000 00:00 0 
7f3816380000-7f381638c000 r-xp 00000000 08:06 527098                     /usr/lib/x86_64-linux-gnu/gio/modules/libdconfsettings.so
7f381638c000-7f381658b000 ---p 0000c000 08:06 527098                     /usr/lib/x86_64-linux-gnu/gio/modules/libdconfsettings.so
7f381658b000-7f381658c000 r--p 0000b000 08:06 527098                     /usr/lib/x86_64-linux-gnu/gio/modules/libdconfsettings.so
7f381658c000-7f381658d000 rw-p 0000c000 08:06 527098                     /usr/lib/x86_64-linux-gnu/gio/modules/libdconfsettings.so
7f381658d000-7f3816593000 r-xp 00000000 08:06 2626733                    /lib/x86_64-linux-gnu/libuuid.so.1.3.0
7f3816593000-7f3816792000 ---p 00006000 08:06 2626733                    /lib/x86_64-linux-gnu/libuuid.so.1.3.0
7f3816792000-7f3816793000 r--p 00005000 08:06 2626733                    /lib/x86_64-linux-gnu/libuuid.so.1.3.0
7f3816793000-7f3816794000 rw-p 00006000 08:06 2626733                    /lib/x86_64-linux-gnu/libuuid.so.1.3.0
7f3816794000-7f38167db000 r-xp 00000000 08:06 2626557                    /lib/x86_64-linux-gnu/libblkid.so.1.1.0
7f38167db000-7f38169db000 ---p 00047000 08:06 2626557                    /lib/x86_64-linux-gnu/libblkid.so.1.1.0
7f38169db000-7f38169df000 r--p 00047000 08:06 2626557                    /lib/x86_64-linux-gnu/libblkid.so.1.1.0
7f38169df000-7f38169e0000 rw-p 0004b000 08:06 2626557                    /lib/x86_64-linux-gnu/libblkid.so.1.1.0
7f38169e0000-7f38169e1000 rw-p 00000000 00:00 0 
7f38169e1000-7f3816a51000 r-xp 00000000 08:06 2626687                    /lib/x86_64-linux-gnu/libpcre.so.3.13.3
7f3816a51000-7f3816c51000 ---p 00070000 08:06 2626687                    /lib/x86_64-linux-gnu/libpcre.so.3.13.3
7f3816c51000-7f3816c52000 r--p 00070000 08:06 2626687                    /lib/x86_64-linux-gnu/libpcre.so.3.13.3
7f3816c52000-7f3816c53000 rw-p 00071000 08:06 2626687                    /lib/x86_64-linux-gnu/libpcre.so.3.13.3
7f3816c53000-7f3816c5a000 r-xp 00000000 08:06 270436                     /usr/lib/x86_64-linux-gnu/libffi.so.6.0.4
7f3816c5a000-7f3816e59000 ---p 00007000 08:06 270436                     /usr/lib/x86_64-linux-gnu/libffi.so.6.0.4
7f3816e59000-7f3816e5a000 r--p 00006000 08:06 270436                     /usr/lib/x86_64-linux-gnu/libffi.so.6.0.4
7f3816e5a000-7f3816e5b000 rw-p 00007000 08:06 270436                     /usr/lib/x86_64-linux-gnu/libffi.so.6.0.4
7f3816e5b000-7f3816eac000 r-xp 00000000 08:06 2626634                    /lib/x86_64-linux-gnu/libmount.so.1.1.0
7f3816eac000-7f38170ab000 ---p 00051000 08:06 2626634                    /lib/x86_64-linux-gnu/libmount.so.1.1.0
7f38170ab000-7f38170ad000 r--p 00050000 08:06 2626634                    /lib/x86_64-linux-gnu/libmount.so.1.1.0
7f38170ad000-7f38170ae000 rw-p 00052000 08:06 2626634                    /lib/x86_64-linux-gnu/libmount.so.1.1.0
7f38170ae000-7f38170af000 rw-p 00000000 00:00 0 
7f38170af000-7f38170c6000 r-xp 00000000 08:06 2626704                    /lib/x86_64-linux-gnu/libresolv-2.27.so
7f38170c6000-7f38172c6000 ---p 00017000 08:06 2626704                    /lib/x86_64-linux-gnu/libresolv-2.27.so
7f38172c6000-7f38172c7000 r--p 00017000 08:06 2626704                    /lib/x86_64-linux-gnu/libresolv-2.27.so
7f38172c7000-7f38172c8000 rw-p 00018000 08:06 2626704                    /lib/x86_64-linux-gnu/libresolv-2.27.so
7f38172c8000-7f38172ca000 rw-p 00000000 00:00 0 
7f38172ca000-7f38172ef000 r-xp 00000000 08:06 2626710                    /lib/x86_64-linux-gnu/libselinux.so.1
7f38172ef000-7f38174ee000 ---p 00025000 08:06 2626710                    /lib/x86_64-linux-gnu/libselinux.so.1
7f38174ee000-7f38174ef000 r--p 00024000 08:06 2626710                    /lib/x86_64-linux-gnu/libselinux.so.1
7f38174ef000-7f38174f0000 rw-p 00025000 08:06 2626710                    /lib/x86_64-linux-gnu/libselinux.so.1
7f38174f0000-7f38174f2000 rw-p 00000000 00:00 0 
7f38174f2000-7f3817606000 r-xp 00000000 08:06 262489                     /usr/lib/x86_64-linux-gnu/libglib-2.0.so.0.5600.4
7f3817606000-7f3817806000 ---p 00114000 08:06 262489                     /usr/lib/x86_64-linux-gnu/libglib-2.0.so.0.5600.4
7f3817806000-7f3817807000 r--p 00114000 08:06 262489                     /usr/lib/x86_64-linux-gnu/libglib-2.0.so.0.5600.4
7f3817807000-7f3817808000 rw-p 00115000 08:06 262489                     /usr/lib/x86_64-linux-gnu/libglib-2.0.so.0.5600.4
7f3817808000-7f3817809000 rw-p 00000000 00:00 0 
7f3817809000-7f381780c000 r-xp 00000000 08:06 262512                     /usr/lib/x86_64-linux-gnu/libgmodule-2.0.so.0.5600.4
7f381780c000-7f3817a0b000 ---p 00003000 08:06 262512                     /usr/lib/x86_64-linux-gnu/libgmodule-2.0.so.0.5600.4
7f3817a0b000-7f3817a0c000 r--p 00002000 08:06 262512                     /usr/lib/x86_64-linux-gnu/libgmodule-2.0.so.0.5600.4
7f3817a0c000-7f3817a0d000 rw-p 00003000 08:06 262512                     /usr/lib/x86_64-linux-gnu/libgmodule-2.0.so.0.5600.4
7f3817a0d000-7f3817a5f000 r-xp 00000000 08:06 262513                     /usr/lib/x86_64-linux-gnu/libgobject-2.0.so.0.5600.4
7f3817a5f000-7f3817c5f000 ---p 00052000 08:06 262513                     /usr/lib/x86_64-linux-gnu/libgobject-2.0.so.0.5600.4
7f3817c5f000-7f3817c60000 r--p 00052000 08:06 262513                     /usr/lib/x86_64-linux-gnu/libgobject-2.0.so.0.5600.4
7f3817c60000-7f3817c61000 rw-p 00053000 08:06 262513                     /usr/lib/x86_64-linux-gnu/libgobject-2.0.so.0.5600.4
7f3817c61000-7f3817df6000 r-xp 00000000 08:06 262481                     /usr/lib/x86_64-linux-gnu/libgio-2.0.so.0.5600.4
7f3817df6000-7f3817ff6000 ---p 00195000 08:06 262481                     /usr/lib/x86_64-linux-gnu/libgio-2.0.so.0.5600.4
7f3817ff6000-7f3817ffd000 r--p 00195000 08:06 262481                     /usr/lib/x86_64-linux-gnu/libgio-2.0.so.0.5600.4
7f3817ffd000-7f3817ffe000 rw-p 0019c000 08:06 262481                     /usr/lib/x86_64-linux-gnu/libgio-2.0.so.0.5600.4
7f3817ffe000-7f3818000000 rw-p 00000000 00:00 0 
7f3818000000-7f381805a000 rw-p 00000000 00:00 0 
7f381805a000-7f381c000000 ---p 00000000 00:00 0 
7f381c000000-7f381c021000 rw-p 00000000 00:00 0 
7f381c021000-7f3820000000 ---p 00000000 00:00 0 
7f3820000000-7f3820021000 rw-p 00000000 00:00 0 
7f3820021000-7f3824000000 ---p 00000000 00:00 0 
7f3824000000-7f3824021000 rw-p 00000000 00:00 0 
7f3824021000-7f3828000000 ---p 00000000 00:00 0 
7f3828000000-7f3828021000 rw-p 00000000 00:00 0 
7f3828021000-7f382c000000 ---p 00000000 00:00 0 
7f382c000000-7f382c021000 rw-p 00000000 00:00 0 
7f382c021000-7f3830000000 ---p 00000000 00:00 0 
7f3830000000-7f383014d000 rw-p 00000000 00:00 0 
7f383014d000-7f3834000000 ---p 00000000 00:00 0 
7f3834000000-7f3834021000 rw-p 00000000 00:00 0 
7f3834021000-7f3838000000 ---p 00000000 00:00 0 
7f3838000000-7f3838021000 rw-p 00000000 00:00 0 
7f3838021000-7f383c000000 ---p 00000000 00:00 0 
7f383c000000-7f383c17c000 rw-p 00000000 00:00 0 
7f383c17c000-7f3840000000 ---p 00000000 00:00 0 
7f3840000000-7f3840021000 rw-p 00000000 00:00 0 
7f3840021000-7f3844000000 ---p 00000000 00:00 0 
7f3844000000-7f3844021000 rw-p 00000000 00:00 0 
7f3844021000-7f3848000000 ---p 00000000 00:00 0 
7f3848000000-7f3848021000 rw-p 00000000 00:00 0 
7f3848021000-7f384c000000 ---p 00000000 00:00 0 
7f384c000000-7f384c021000 rw-p 00000000 00:00 0 
7f384c021000-7f3850000000 ---p 00000000 00:00 0 
7f3850000000-7f3850021000 rw-p 00000000 00:00 0 
7f3850021000-7f3854000000 ---p 00000000 00:00 0 
7f3854039000-7f385403d000 ---p 00000000 00:00 0 
7f385403d000-7f385413a000 rw-p 00000000 00:00 0 
7f385413a000-7f3854144000 r-xp 00000000 08:06 270119                     /usr/lib/x86_64-linux-gnu/libXrandr.so.2.2.0
7f3854144000-7f3854343000 ---p 0000a000 08:06 270119                     /usr/lib/x86_64-linux-gnu/libXrandr.so.2.2.0
7f3854343000-7f3854344000 r--p 00009000 08:06 270119                     /usr/lib/x86_64-linux-gnu/libXrandr.so.2.2.0
7f3854344000-7f3854345000 rw-p 0000a000 08:06 270119                     /usr/lib/x86_64-linux-gnu/libXrandr.so.2.2.0
7f3854345000-7f3854376000 r-xp 00000000 08:06 270958                     /usr/lib/x86_64-linux-gnu/libpng16.so.16.34.0
7f3854376000-7f3854575000 ---p 00031000 08:06 270958                     /usr/lib/x86_64-linux-gnu/libpng16.so.16.34.0
7f3854575000-7f3854576000 r--p 00030000 08:06 270958                     /usr/lib/x86_64-linux-gnu/libpng16.so.16.34.0
7f3854576000-7f3854577000 rw-p 00031000 08:06 270958                     /usr/lib/x86_64-linux-gnu/libpng16.so.16.34.0
7f3854577000-7f3854624000 r-xp 00000000 08:06 270468                     /usr/lib/x86_64-linux-gnu/libfreetype.so.6.15.0
7f3854624000-7f3854823000 ---p 000ad000 08:06 270468                     /usr/lib/x86_64-linux-gnu/libfreetype.so.6.15.0
7f3854823000-7f385482a000 r--p 000ac000 08:06 270468                     /usr/lib/x86_64-linux-gnu/libfreetype.so.6.15.0
7f385482a000-7f385482b000 rw-p 000b3000 08:06 270468                     /usr/lib/x86_64-linux-gnu/libfreetype.so.6.15.0
7f385482b000-7f385496e000 r-xp 00000000 08:06 525557                     /usr/lib/jvm/java-13-oracle/lib/libfontmanager.so
7f385496e000-7f3854970000 r--p 00142000 08:06 525557                     /usr/lib/jvm/java-13-oracle/lib/libfontmanager.so
7f3854970000-7f3854971000 rw-p 00144000 08:06 525557                     /usr/lib/jvm/java-13-oracle/lib/libfontmanager.so
7f3854971000-7f3854975000 rw-p 00000000 00:00 0 
7f3854975000-7f3854977000 r-xp 00000000 08:06 270111                     /usr/lib/x86_64-linux-gnu/libXinerama.so.1.0.0
7f3854977000-7f3854b76000 ---p 00002000 08:06 270111                     /usr/lib/x86_64-linux-gnu/libXinerama.so.1.0.0
7f3854b76000-7f3854b77000 r--p 00001000 08:06 270111                     /usr/lib/x86_64-linux-gnu/libXinerama.so.1.0.0
7f3854b77000-7f3854b78000 rw-p 00002000 08:06 270111                     /usr/lib/x86_64-linux-gnu/libXinerama.so.1.0.0
7f3854b78000-7f3854b8b000 r-xp 00000000 08:06 2621698                    /lib/x86_64-linux-gnu/libbsd.so.0.8.7
7f3854b8b000-7f3854d8a000 ---p 00013000 08:06 2621698                    /lib/x86_64-linux-gnu/libbsd.so.0.8.7
7f3854d8a000-7f3854d8b000 r--p 00012000 08:06 2621698                    /lib/x86_64-linux-gnu/libbsd.so.0.8.7
7f3854d8b000-7f3854d8c000 rw-p 00013000 08:06 2621698                    /lib/x86_64-linux-gnu/libbsd.so.0.8.7
7f3854d8c000-7f3854d8d000 rw-p 00000000 00:00 0 
7f3854d8d000-7f3854d92000 r-xp 00000000 08:06 270099                     /usr/lib/x86_64-linux-gnu/libXdmcp.so.6.0.0
7f3854d92000-7f3854f91000 ---p 00005000 08:06 270099                     /usr/lib/x86_64-linux-gnu/libXdmcp.so.6.0.0
7f3854f91000-7f3854f92000 r--p 00004000 08:06 270099                     /usr/lib/x86_64-linux-gnu/libXdmcp.so.6.0.0
7f3854f92000-7f3854f93000 rw-p 00005000 08:06 270099                     /usr/lib/x86_64-linux-gnu/libXdmcp.so.6.0.0
7f3854f93000-7f3854f95000 r-xp 00000000 08:06 270088                     /usr/lib/x86_64-linux-gnu/libXau.so.6.0.0
7f3854f95000-7f3855195000 ---p 00002000 08:06 270088                     /usr/lib/x86_64-linux-gnu/libXau.so.6.0.0
7f3855195000-7f3855196000 r--p 00002000 08:06 270088                     /usr/lib/x86_64-linux-gnu/libXau.so.6.0.0
7f3855196000-7f3855197000 rw-p 00003000 08:06 270088                     /usr/lib/x86_64-linux-gnu/libXau.so.6.0.0
7f3855197000-7f38551bd000 r-xp 00000000 08:06 271301                     /usr/lib/x86_64-linux-gnu/libxcb.so.1.1.0
7f38551bd000-7f38553bd000 ---p 00026000 08:06 271301                     /usr/lib/x86_64-linux-gnu/libxcb.so.1.1.0
7f38553bd000-7f38553be000 r--p 00026000 08:06 271301                     /usr/lib/x86_64-linux-gnu/libxcb.so.1.1.0
7f38553be000-7f38553bf000 rw-p 00027000 08:06 271301                     /usr/lib/x86_64-linux-gnu/libxcb.so.1.1.0
7f38553bf000-7f38553ce000 r-xp 00000000 08:06 270109                     /usr/lib/x86_64-linux-gnu/libXi.so.6.1.0
7f38553ce000-7f38555cd000 ---p 0000f000 08:06 270109                     /usr/lib/x86_64-linux-gnu/libXi.so.6.1.0
7f38555cd000-7f38555ce000 r--p 0000e000 08:06 270109                     /usr/lib/x86_64-linux-gnu/libXi.so.6.1.0
7f38555ce000-7f38555cf000 rw-p 0000f000 08:06 270109                     /usr/lib/x86_64-linux-gnu/libXi.so.6.1.0
7f38555cf000-7f38555d4000 r-xp 00000000 08:06 270127                     /usr/lib/x86_64-linux-gnu/libXtst.so.6.1.0
7f38555d4000-7f38557d3000 ---p 00005000 08:06 270127                     /usr/lib/x86_64-linux-gnu/libXtst.so.6.1.0
7f38557d3000-7f38557d4000 r--p 00004000 08:06 270127                     /usr/lib/x86_64-linux-gnu/libXtst.so.6.1.0
7f38557d4000-7f38557d5000 rw-p 00005000 08:06 270127                     /usr/lib/x86_64-linux-gnu/libXtst.so.6.1.0
7f38557d5000-7f38557de000 r-xp 00000000 08:06 270121                     /usr/lib/x86_64-linux-gnu/libXrender.so.1.3.0
7f38557de000-7f38559dd000 ---p 00009000 08:06 270121                     /usr/lib/x86_64-linux-gnu/libXrender.so.1.3.0
7f38559dd000-7f38559de000 r--p 00008000 08:06 270121                     /usr/lib/x86_64-linux-gnu/libXrender.so.1.3.0
7f38559de000-7f38559df000 rw-p 00009000 08:06 270121                     /usr/lib/x86_64-linux-gnu/libXrender.so.1.3.0
7f38559df000-7f3855b12000 r-xp 00000000 08:06 270084                     /usr/lib/x86_64-linux-gnu/libX11.so.6.3.0
7f3855b12000-7f3855d12000 ---p 00133000 08:06 270084                     /usr/lib/x86_64-linux-gnu/libX11.so.6.3.0
7f3855d12000-7f3855d13000 r--p 00133000 08:06 270084                     /usr/lib/x86_64-linux-gnu/libX11.so.6.3.0
7f3855d13000-7f3855d17000 rw-p 00134000 08:06 270084                     /usr/lib/x86_64-linux-gnu/libX11.so.6.3.0
7f3855d17000-7f3855d28000 r-xp 00000000 08:06 270101                     /usr/lib/x86_64-linux-gnu/libXext.so.6.4.0
7f3855d28000-7f3855f27000 ---p 00011000 08:06 270101                     /usr/lib/x86_64-linux-gnu/libXext.so.6.4.0
7f3855f27000-7f3855f28000 r--p 00010000 08:06 270101                     /usr/lib/x86_64-linux-gnu/libXext.so.6.4.0
7f3855f28000-7f3855f29000 rw-p 00011000 08:06 270101                     /usr/lib/x86_64-linux-gnu/libXext.so.6.4.0
7f3855f29000-7f3855fce000 r-xp 00000000 08:06 525552                     /usr/lib/jvm/java-13-oracle/lib/libawt.so
7f3855fce000-7f3855fcf000 r--p 000a4000 08:06 525552                     /usr/lib/jvm/java-13-oracle/lib/libawt.so
7f3855fcf000-7f3855fdb000 rw-p 000a5000 08:06 525552                     /usr/lib/jvm/java-13-oracle/lib/libawt.so
7f3855fdb000-7f3858000000 rw-p 00000000 00:00 0 
7f3858000000-7f3858021000 rw-p 00000000 00:00 0 
7f3858021000-7f385c000000 ---p 00000000 00:00 0 
7f385c000000-7f385c021000 rw-p 00000000 00:00 0 
7f385c021000-7f3860000000 ---p 00000000 00:00 0 
7f3860000000-7f3860021000 rw-p 00000000 00:00 0 
7f3860021000-7f3864000000 ---p 00000000 00:00 0 
7f386400f000-7f386403c000 r--p 00000000 08:06 1181254                    /usr/share/glib-2.0/schemas/gschemas.compiled
7f386403c000-7f386403d000 ---p 00000000 00:00 0 
7f386403d000-7f386413e000 rw-p 00000000 00:00 0 
7f386413e000-7f3864142000 ---p 00000000 00:00 0 
7f3864142000-7f386423f000 rw-p 00000000 00:00 0 
7f386423f000-7f3864243000 ---p 00000000 00:00 0 
7f3864243000-7f3864340000 rw-p 00000000 00:00 0 
7f3864340000-7f3864d0f000 r--p 00000000 08:06 268957                     /usr/lib/locale/locale-archive
7f3864d0f000-7f3864eff000 rw-p 00000000 00:00 0 
7f3864eff000-7f3866bb7000 ---p 00000000 00:00 0 
7f3866bb7000-7f3866daf000 rw-p 00000000 00:00 0 
7f3866daf000-7f3868a67000 ---p 00000000 00:00 0 
7f3868a67000-7f3868a6f000 rw-p 00000000 00:00 0 
7f3868a6f000-7f3868cdf000 rwxp 00000000 00:00 0 
7f3868cdf000-7f3868fff000 ---p 00000000 00:00 0 
7f3868fff000-7f386926f000 rwxp 00000000 00:00 0 
7f386926f000-7f3870537000 ---p 00000000 00:00 0 
7f3870537000-7f38707a7000 rwxp 00000000 00:00 0 
7f38707a7000-7f3877a6f000 ---p 00000000 00:00 0 
7f387fc36000-7f3880000000 rw-p 00000000 00:00 0 
7f3880000000-7f3880489000 rw-p 00000000 00:00 0 
7f3880489000-7f3884000000 ---p 00000000 00:00 0 
7f3884022000-7f3884080000 r-xp 00000000 08:06 525554                     /usr/lib/jvm/java-13-oracle/lib/libawt_xawt.so
7f3884080000-7f3884081000 r--p 0005d000 08:06 525554                     /usr/lib/jvm/java-13-oracle/lib/libawt_xawt.so
7f3884081000-7f3884084000 rw-p 0005e000 08:06 525554                     /usr/lib/jvm/java-13-oracle/lib/libawt_xawt.so
7f3884084000-7f3884086000 rw-p 00000000 00:00 0 
7f3884086000-7f388408a000 ---p 00000000 00:00 0 
7f388408a000-7f3884187000 rw-p 00000000 00:00 0 
7f3884187000-7f388418b000 ---p 00000000 00:00 0 
7f388418b000-7f3884288000 rw-p 00000000 00:00 0 
7f3884288000-7f388428c000 ---p 00000000 00:00 0 
7f388428c000-7f3884389000 rw-p 00000000 00:00 0 
7f3884389000-7f388438d000 ---p 00000000 00:00 0 
7f388438d000-7f388448a000 rw-p 00000000 00:00 0 
7f388448a000-7f388449f000 r-xp 00000000 08:06 525576                     /usr/lib/jvm/java-13-oracle/lib/libnet.so
7f388449f000-7f38844a0000 r--p 00014000 08:06 525576                     /usr/lib/jvm/java-13-oracle/lib/libnet.so
7f38844a0000-7f38844a1000 rw-p 00015000 08:06 525576                     /usr/lib/jvm/java-13-oracle/lib/libnet.so
7f38844a1000-7f38844a5000 ---p 00000000 00:00 0 
7f38844a5000-7f38845a2000 rw-p 00000000 00:00 0 
7f38845a2000-7f38845a6000 ---p 00000000 00:00 0 
7f38845a6000-7f38846a3000 rw-p 00000000 00:00 0 
7f38846a3000-7f38846a7000 ---p 00000000 00:00 0 
7f38846a7000-7f38847a4000 rw-p 00000000 00:00 0 
7f38847a4000-7f38847a8000 ---p 00000000 00:00 0 
7f38847a8000-7f38848a5000 rw-p 00000000 00:00 0 
7f38848a5000-7f38848a9000 ---p 00000000 00:00 0 
7f38848a9000-7f38849a6000 rw-p 00000000 00:00 0 
7f38849a6000-7f38849aa000 ---p 00000000 00:00 0 
7f38849aa000-7f3884aa7000 rw-p 00000000 00:00 0 
7f3884aa7000-7f3884aa8000 ---p 00000000 00:00 0 
7f3884aa8000-7f3885386000 rw-p 00000000 00:00 0 
7f3885386000-7f38854c6000 ---p 00000000 00:00 0 
7f38854c6000-7f38854c7000 ---p 00000000 00:00 0 
7f38854c7000-7f38855c8000 rw-p 00000000 00:00 0 
7f38855c8000-7f38855c9000 ---p 00000000 00:00 0 
7f38855c9000-7f3885ace000 rw-p 00000000 00:00 0 
7f3885ace000-7f3885acf000 ---p 00000000 00:00 0 
7f3885acf000-7f3885bd0000 rw-p 00000000 00:00 0 
7f3885bd0000-7f3885bd1000 ---p 00000000 00:00 0 
7f3885bd1000-7f3885cd2000 rw-p 00000000 00:00 0 
7f3885cd2000-7f3885cd3000 ---p 00000000 00:00 0 
7f3885cd3000-7f3885e54000 rw-p 00000000 00:00 0 
7f3885e54000-7f38861eb000 ---p 00000000 00:00 0 
7f38861eb000-7f388622a000 rw-p 00000000 00:00 0 
7f388622a000-7f38865c1000 ---p 00000000 00:00 0 
7f38865c1000-7f3886600000 rw-p 00000000 00:00 0 
7f3886600000-7f3886997000 ---p 00000000 00:00 0 
7f3886997000-7f3886da1000 rw-p 00000000 00:00 0 
7f3886da1000-7f3886e87000 ---p 00000000 00:00 0 
7f3886e87000-7f3886e8c000 rw-p 00000000 00:00 0 
7f3886e8c000-7f3886f72000 ---p 00000000 00:00 0 
7f3886f72000-7f3886f7d000 r-xp 00000000 08:06 2626655                    /lib/x86_64-linux-gnu/libnss_files-2.27.so
7f3886f7d000-7f388717c000 ---p 0000b000 08:06 2626655                    /lib/x86_64-linux-gnu/libnss_files-2.27.so
7f388717c000-7f388717d000 r--p 0000a000 08:06 2626655                    /lib/x86_64-linux-gnu/libnss_files-2.27.so
7f388717d000-7f388717e000 rw-p 0000b000 08:06 2626655                    /lib/x86_64-linux-gnu/libnss_files-2.27.so
7f388717e000-7f3887184000 rw-p 00000000 00:00 0 
7f3887184000-7f388719b000 r-xp 00000000 08:06 2626649                    /lib/x86_64-linux-gnu/libnsl-2.27.so
7f388719b000-7f388739a000 ---p 00017000 08:06 2626649                    /lib/x86_64-linux-gnu/libnsl-2.27.so
7f388739a000-7f388739b000 r--p 00016000 08:06 2626649                    /lib/x86_64-linux-gnu/libnsl-2.27.so
7f388739b000-7f388739c000 rw-p 00017000 08:06 2626649                    /lib/x86_64-linux-gnu/libnsl-2.27.so
7f388739c000-7f388739e000 rw-p 00000000 00:00 0 
7f388739e000-7f38873a9000 r-xp 00000000 08:06 2626666                    /lib/x86_64-linux-gnu/libnss_nis-2.27.so
7f38873a9000-7f38875a8000 ---p 0000b000 08:06 2626666                    /lib/x86_64-linux-gnu/libnss_nis-2.27.so
7f38875a8000-7f38875a9000 r--p 0000a000 08:06 2626666                    /lib/x86_64-linux-gnu/libnss_nis-2.27.so
7f38875a9000-7f38875aa000 rw-p 0000b000 08:06 2626666                    /lib/x86_64-linux-gnu/libnss_nis-2.27.so
7f38875aa000-7f38875b2000 r-xp 00000000 08:06 2626651                    /lib/x86_64-linux-gnu/libnss_compat-2.27.so
7f38875b2000-7f38877b2000 ---p 00008000 08:06 2626651                    /lib/x86_64-linux-gnu/libnss_compat-2.27.so
7f38877b2000-7f38877b3000 r--p 00008000 08:06 2626651                    /lib/x86_64-linux-gnu/libnss_compat-2.27.so
7f38877b3000-7f38877b4000 rw-p 00009000 08:06 2626651                    /lib/x86_64-linux-gnu/libnss_compat-2.27.so
7f38877b4000-7f38877bb000 r-xp 00000000 08:06 2626706                    /lib/x86_64-linux-gnu/librt-2.27.so
7f38877bb000-7f38879ba000 ---p 00007000 08:06 2626706                    /lib/x86_64-linux-gnu/librt-2.27.so
7f38879ba000-7f38879bb000 r--p 00006000 08:06 2626706                    /lib/x86_64-linux-gnu/librt-2.27.so
7f38879bb000-7f38879bc000 rw-p 00007000 08:06 2626706                    /lib/x86_64-linux-gnu/librt-2.27.so
7f38879bc000-7f3887b59000 r-xp 00000000 08:06 2626628                    /lib/x86_64-linux-gnu/libm-2.27.so
7f3887b59000-7f3887d58000 ---p 0019d000 08:06 2626628                    /lib/x86_64-linux-gnu/libm-2.27.so
7f3887d58000-7f3887d59000 r--p 0019c000 08:06 2626628                    /lib/x86_64-linux-gnu/libm-2.27.so
7f3887d59000-7f3887d5a000 rw-p 0019d000 08:06 2626628                    /lib/x86_64-linux-gnu/libm-2.27.so
7f3887d5a000-7f3888e3b000 r-xp 00000000 08:06 525598                     /usr/lib/jvm/java-13-oracle/lib/server/libjvm.so
7f3888e3b000-7f3888eff000 r--p 010e0000 08:06 525598                     /usr/lib/jvm/java-13-oracle/lib/server/libjvm.so
7f3888eff000-7f3888f39000 rw-p 011a4000 08:06 525598                     /usr/lib/jvm/java-13-oracle/lib/server/libjvm.so
7f3888f39000-7f3888fbe000 rw-p 00000000 00:00 0 
7f3888fbe000-7f38891a5000 r-xp 00000000 08:06 2626565                    /lib/x86_64-linux-gnu/libc-2.27.so
7f38891a5000-7f38893a5000 ---p 001e7000 08:06 2626565                    /lib/x86_64-linux-gnu/libc-2.27.so
7f38893a5000-7f38893a9000 r--p 001e7000 08:06 2626565                    /lib/x86_64-linux-gnu/libc-2.27.so
7f38893a9000-7f38893ab000 rw-p 001eb000 08:06 2626565                    /lib/x86_64-linux-gnu/libc-2.27.so
7f38893ab000-7f38893af000 rw-p 00000000 00:00 0 
7f38893af000-7f38893b2000 r-xp 00000000 08:06 2626588                    /lib/x86_64-linux-gnu/libdl-2.27.so
7f38893b2000-7f38895b1000 ---p 00003000 08:06 2626588                    /lib/x86_64-linux-gnu/libdl-2.27.so
7f38895b1000-7f38895b2000 r--p 00002000 08:06 2626588                    /lib/x86_64-linux-gnu/libdl-2.27.so
7f38895b2000-7f38895b3000 rw-p 00003000 08:06 2626588                    /lib/x86_64-linux-gnu/libdl-2.27.so
7f38895b3000-7f38895cd000 r-xp 00000000 08:06 2626698                    /lib/x86_64-linux-gnu/libpthread-2.27.so
7f38895cd000-7f38897cc000 ---p 0001a000 08:06 2626698                    /lib/x86_64-linux-gnu/libpthread-2.27.so
7f38897cc000-7f38897cd000 r--p 00019000 08:06 2626698                    /lib/x86_64-linux-gnu/libpthread-2.27.so
7f38897cd000-7f38897ce000 rw-p 0001a000 08:06 2626698                    /lib/x86_64-linux-gnu/libpthread-2.27.so
7f38897ce000-7f38897d2000 rw-p 00000000 00:00 0 
7f38897d2000-7f38897ee000 r-xp 00000000 08:06 2626737                    /lib/x86_64-linux-gnu/libz.so.1.2.11
7f38897ee000-7f38899ed000 ---p 0001c000 08:06 2626737                    /lib/x86_64-linux-gnu/libz.so.1.2.11
7f38899ed000-7f38899ee000 r--p 0001b000 08:06 2626737                    /lib/x86_64-linux-gnu/libz.so.1.2.11
7f38899ee000-7f38899ef000 rw-p 0001c000 08:06 2626737                    /lib/x86_64-linux-gnu/libz.so.1.2.11
7f38899ef000-7f3889a16000 r-xp 00000000 08:06 2626537                    /lib/x86_64-linux-gnu/ld-2.27.so
7f3889a17000-7f3889a1b000 r--p 00000000 08:06 788537                     /home/jian/.config/dconf/user (deleted)
7f3889a1b000-7f3889a20000 r-xp 00000000 08:06 525555                     /usr/lib/jvm/java-13-oracle/lib/libdt_socket.so
7f3889a20000-7f3889a21000 r--p 00004000 08:06 525555                     /usr/lib/jvm/java-13-oracle/lib/libdt_socket.so
7f3889a21000-7f3889a22000 rw-p 00005000 08:06 525555                     /usr/lib/jvm/java-13-oracle/lib/libdt_socket.so
7f3889a22000-7f3889a29000 r--s 00000000 08:06 526974                     /usr/lib/x86_64-linux-gnu/gconv/gconv-modules.cache
7f3889a29000-7f3889a3a000 r-xp 00000000 08:06 525577                     /usr/lib/jvm/java-13-oracle/lib/libnio.so
7f3889a3a000-7f3889a3b000 r--p 00010000 08:06 525577                     /usr/lib/jvm/java-13-oracle/lib/libnio.so
7f3889a3b000-7f3889a3c000 rw-p 00011000 08:06 525577                     /usr/lib/jvm/java-13-oracle/lib/libnio.so
7f3889a3c000-7f3889a41000 rw-p 00000000 00:00 0 
7f3889a41000-7f3889a48000 ---p 00000000 00:00 0 
7f3889a48000-7f3889a63000 r-xp 00000000 08:06 525567                     /usr/lib/jvm/java-13-oracle/lib/libjimage.so
7f3889a63000-7f3889a64000 ---p 0001b000 08:06 525567                     /usr/lib/jvm/java-13-oracle/lib/libjimage.so
7f3889a64000-7f3889a66000 r--p 0001b000 08:06 525567                     /usr/lib/jvm/java-13-oracle/lib/libjimage.so
7f3889a66000-7f3889a67000 rw-p 0001d000 08:06 525567                     /usr/lib/jvm/java-13-oracle/lib/libjimage.so
7f3889a67000-7f3889a6e000 r-xp 00000000 08:06 525586                     /usr/lib/jvm/java-13-oracle/lib/libzip.so
7f3889a6e000-7f3889a6f000 r--p 00006000 08:06 525586                     /usr/lib/jvm/java-13-oracle/lib/libzip.so
7f3889a6f000-7f3889a70000 rw-p 00007000 08:06 525586                     /usr/lib/jvm/java-13-oracle/lib/libzip.so
7f3889a70000-7f3889a78000 rw-s 00000000 08:06 3409882                    /tmp/hsperfdata_jian/18104
7f3889a78000-7f3889a82000 r-xp 00000000 08:06 525558                     /usr/lib/jvm/java-13-oracle/lib/libinstrument.so
7f3889a82000-7f3889a83000 r--p 00009000 08:06 525558                     /usr/lib/jvm/java-13-oracle/lib/libinstrument.so
7f3889a83000-7f3889a84000 rw-p 0000a000 08:06 525558                     /usr/lib/jvm/java-13-oracle/lib/libinstrument.so
7f3889a84000-7f3889ac0000 r-xp 00000000 08:06 525566                     /usr/lib/jvm/java-13-oracle/lib/libjdwp.so
7f3889ac0000-7f3889ac1000 r--p 0003b000 08:06 525566                     /usr/lib/jvm/java-13-oracle/lib/libjdwp.so
7f3889ac1000-7f3889ac2000 rw-p 0003c000 08:06 525566                     /usr/lib/jvm/java-13-oracle/lib/libjdwp.so
7f3889ac2000-7f3889ae9000 r-xp 00000000 08:06 525563                     /usr/lib/jvm/java-13-oracle/lib/libjava.so
7f3889ae9000-7f3889aea000 r--p 00026000 08:06 525563                     /usr/lib/jvm/java-13-oracle/lib/libjava.so
7f3889aea000-7f3889aec000 rw-p 00027000 08:06 525563                     /usr/lib/jvm/java-13-oracle/lib/libjava.so
7f3889aec000-7f3889af0000 ---p 00000000 00:00 0 
7f3889af0000-7f3889bef000 rw-p 00000000 00:00 0 
7f3889bef000-7f3889bfe000 r-xp 00000000 08:06 525568                     /usr/lib/jvm/java-13-oracle/lib/libjli.so
7f3889bfe000-7f3889bff000 r--p 0000e000 08:06 525568                     /usr/lib/jvm/java-13-oracle/lib/libjli.so
7f3889bff000-7f3889c00000 rw-p 0000f000 08:06 525568                     /usr/lib/jvm/java-13-oracle/lib/libjli.so
7f3889c00000-7f3889c02000 rw-p 00000000 00:00 0 
7f3889c02000-7f3889c03000 r--s 00000000 00:32 36                         /run/user/1000/dconf/user (deleted)
7f3889c03000-7f3889c04000 ---p 00000000 00:00 0 
7f3889c04000-7f3889c05000 r--p 00000000 00:00 0 
7f3889c05000-7f3889c06000 ---p 00000000 00:00 0 
7f3889c06000-7f3889c13000 r-xp 00000000 08:06 525585                     /usr/lib/jvm/java-13-oracle/lib/libverify.so
7f3889c13000-7f3889c15000 r--p 0000c000 08:06 525585                     /usr/lib/jvm/java-13-oracle/lib/libverify.so
7f3889c15000-7f3889c16000 rw-p 0000e000 08:06 525585                     /usr/lib/jvm/java-13-oracle/lib/libverify.so
7f3889c16000-7f3889c17000 r--p 00027000 08:06 2626537                    /lib/x86_64-linux-gnu/ld-2.27.so
7f3889c17000-7f3889c18000 rw-p 00028000 08:06 2626537                    /lib/x86_64-linux-gnu/ld-2.27.so
7f3889c18000-7f3889c19000 rw-p 00000000 00:00 0 
7fff1591a000-7fff1593b000 rw-p 00000000 00:00 0                          [stack]
7fff159cd000-7fff159d0000 r--p 00000000 00:00 0                          [vvar]
7fff159d0000-7fff159d1000 r-xp 00000000 00:00 0                          [vdso]
ffffffffff600000-ffffffffff601000 --xp 00000000 00:00 0                  [vsyscall]


VM Arguments:
jvm_args: -agentlib:jdwp=transport=dt_socket,suspend=y,address=localhost:44971 -javaagent:/home/jian/eclipse/java-2019-09/eclipse/configuration/org.eclipse.osgi/223/0/.cp/lib/javaagent-shaded.jar -Dfile.encoding=UTF-8 --module-path=/home/jian/Documents/Chess/AntiChessEngine1/bin -Djdk.module.main=AntiChessEngine1 
java_command: AntiChessEngine1/Game.game
java_class_path (initial): <not set>
Launcher Type: SUN_STANDARD

[Global flags]
     intx CICompilerCount                          = 3                                         {product} {ergonomic}
     uint ConcGCThreads                            = 1                                         {product} {ergonomic}
     uint G1ConcRefinementThreads                  = 4                                         {product} {ergonomic}
   size_t G1HeapRegionSize                         = 1048576                                   {product} {ergonomic}
    uintx GCDrainStackTargetSize                   = 64                                        {product} {ergonomic}
   size_t InitialHeapSize                          = 130023424                                 {product} {ergonomic}
   size_t MarkStackSize                            = 4194304                                   {product} {ergonomic}
   size_t MaxHeapSize                              = 2059403264                                {product} {ergonomic}
   size_t MaxNewSize                               = 1235222528                                {product} {ergonomic}
   size_t MinHeapDeltaBytes                        = 1048576                                   {product} {ergonomic}
   size_t MinHeapSize                              = 8388608                                   {product} {ergonomic}
    uintx NonNMethodCodeHeapSize                   = 5830732                                {pd product} {ergonomic}
    uintx NonProfiledCodeHeapSize                  = 122913754                              {pd product} {ergonomic}
    uintx ProfiledCodeHeapSize                     = 122913754        